<?xml version='1.0' encoding='utf-8'?>
<testsuites tests="62" failures="0" errors="0" skipped="0"><testsuite name="com.cabin.hondacustom.AppUpdaterTest" tests="5" skipped="0" failures="0" errors="0" timestamp="2026-09-15T20:04:19.601Z" hostname="fedora" time="0.157">
  <properties />
  <testcase name="restrictsRedirectHostsAndRequiresHttps" classname="com.cabin.hondacustom.AppUpdaterTest" time="0.024" />
  <testcase name="rejectsWrongSignerPackageAndDowngrade" classname="com.cabin.hondacustom.AppUpdaterTest" time="0.017" />
  <testcase name="selectsOnlyNewStableRelease" classname="com.cabin.hondacustom.AppUpdaterTest" time="0.022" />
  <testcase name="rejectsMissingChecksumWrongRepositoryAndInvalidSize" classname="com.cabin.hondacustom.AppUpdaterTest" time="0.018" />
  <testcase name="providerRejectsTraversalAndWrites" classname="com.cabin.hondacustom.AppUpdaterTest" time="0.075" />
  <system-out />
  <system-err />
</testsuite><testsuite name="com.cabin.hondacustom.BnrProtocolTest" tests="3" skipped="0" failures="0" errors="0" timestamp="2026-09-15T20:04:19.762Z" hostname="fedora" time="0.106">
  <properties />
  <testcase name="exactPerProfileSubscriptionsRespectHiddenRows" classname="com.cabin.hondacustom.BnrProtocolTest" time="0.022" />
  <testcase name="bnrCommandsUseItsOwnKeysAndAttentionException" classname="com.cabin.hondacustom.BnrProtocolTest" time="0.062" />
  <testcase name="bnrMappingsNeverAuthorizeWcOrRzcWrites" classname="com.cabin.hondacustom.BnrProtocolTest" time="0.022" />
  <system-out />
  <system-err />
</testsuite><testsuite name="com.cabin.hondacustom.FytClientTest" tests="40" skipped="0" failures="0" errors="0" timestamp="2026-09-15T20:04:19.887Z" hostname="fedora" time="1.335">
  <properties />
  <testcase name="exactProfilesAndVisibility" classname="com.cabin.hondacustom.FytClientTest" time="0.031" />
  <testcase name="settingsSubscribeOnlyAfterVerifiedProfile" classname="com.cabin.hondacustom.FytClientTest" time="0.057" />
  <testcase name="wrongBinderDescriptorRejected" classname="com.cabin.hondacustom.FytClientTest" time="0.021" />
  <testcase name="bnrDoesNotExposeItsHiddenUnitsControl" classname="com.cabin.hondacustom.FytClientTest" time="0.026" />
  <testcase name="blockedToolkitTimesOutWithoutFallback" classname="com.cabin.hondacustom.FytClientTest" time="0.023" />
  <testcase name="oldSessionCannotRestoreValues" classname="com.cabin.hondacustom.FytClientTest" time="0.035" />
  <testcase name="commandUsesFytEncodingAndWaitsForFeedback" classname="com.cabin.hondacustom.FytClientTest" time="0.049" />
  <testcase name="synchronousNullBindingIsReleased" classname="com.cabin.hondacustom.FytClientTest" time="0.029" />
  <testcase name="emptyReplyCleanupUnregistersEveryField" classname="com.cabin.hondacustom.FytClientTest" time="0.035" />
  <testcase name="additionalControlsNeedRealFreshFeedback" classname="com.cabin.hondacustom.FytClientTest" time="0.043" />
  <testcase name="rzcMirrorRequiresRealMatchingFeedback" classname="com.cabin.hondacustom.FytClientTest" time="0.039" />
  <testcase name="expiredFeedbackDisablesControl" classname="com.cabin.hondacustom.FytClientTest" time="0.041" />
  <testcase name="binderDeathClearsValues" classname="com.cabin.hondacustom.FytClientTest" time="0.035" />
  <testcase name="bindsOnlyFytModuleSeven" classname="com.cabin.hondacustom.FytClientTest" time="0.037" />
  <testcase name="everyControlMatchesRecordedFytWireContract" classname="com.cabin.hondacustom.FytClientTest" time="0.018" />
  <testcase name="rzcCivicUsesItsOwnUnitsAndTachometerCommands" classname="com.cabin.hondacustom.FytClientTest" time="0.038" />
  <testcase name="decoderDialectsNeverShareCommandsOrLowByteDecoding" classname="com.cabin.hondacustom.FytClientTest" time="0.015" />
  <testcase name="additionalWcContractsAreExactAndIsolated" classname="com.cabin.hondacustom.FytClientTest" time="0.016" />
  <testcase name="earlyFeedbackIsConfirmedAfterSuccessfulTransaction" classname="com.cabin.hondacustom.FytClientTest" time="0.053" />
  <testcase name="latestFeedbackMustStillMatchWhenTransactionCompletes" classname="com.cabin.hondacustom.FytClientTest" time="0.044" />
  <testcase name="rzcAdditionalContractsAndDecoderIsolation" classname="com.cabin.hondacustom.FytClientTest" time="0.015" />
  <testcase name="exceptionHeaderModuleStillConnectsAndConfirms" classname="com.cabin.hondacustom.FytClientTest" time="0.043" />
  <testcase name="parkedRequired" classname="com.cabin.hondacustom.FytClientTest" time="0.03" />
  <testcase name="invalidFeedbackDisablesControl" classname="com.cabin.hondacustom.FytClientTest" time="0.035" />
  <testcase name="disconnectDuringWriteReportsUncertainOutcome" classname="com.cabin.hondacustom.FytClientTest" time="0.032" />
  <testcase name="duplicateProfileDoesNotEraseWriteOutcome" classname="com.cabin.hondacustom.FytClientTest" time="0.04" />
  <testcase name="oneBasedBoundsAndLowByte" classname="com.cabin.hondacustom.FytClientTest" time="0.013" />
  <testcase name="subscribesWithoutReplayingCachedVehicleSettings" classname="com.cabin.hondacustom.FytClientTest" time="0.028" />
  <testcase name="earlierExpiryDoesNotEraseNewerFeedback" classname="com.cabin.hondacustom.FytClientTest" time="0.042" />
  <testcase name="feedbackBeforeDispatchCannotConfirmLaterWrite" classname="com.cabin.hondacustom.FytClientTest" time="0.052" />
  <testcase name="lightingExclusionsAndDurationReadback" classname="com.cabin.hondacustom.FytClientTest" time="0.019" />
  <testcase name="unsupportedProfileNeverSubscribesSettings" classname="com.cabin.hondacustom.FytClientTest" time="0.025" />
  <testcase name="mismatchedFeedbackDoesNotConfirm" classname="com.cabin.hondacustom.FytClientTest" time="0.035" />
  <testcase name="changedProfileInvalidatesValues" classname="com.cabin.hondacustom.FytClientTest" time="0.038" />
  <testcase name="disconnectDuringDescriptorLookupPreventsDispatch" classname="com.cabin.hondacustom.FytClientTest" time="0.049" />
  <testcase name="unmappedProfileKeepsFytConnectionForReport" classname="com.cabin.hondacustom.FytClientTest" time="0.023" />
  <testcase name="hiddenOrInvalidWritesRejected" classname="com.cabin.hondacustom.FytClientTest" time="0.017" />
  <testcase name="earlyFeedbackCannotConfirmRejectedTransaction" classname="com.cabin.hondacustom.FytClientTest" time="0.05" />
  <testcase name="missingToolkitFailsWithoutFallback" classname="com.cabin.hondacustom.FytClientTest" time="0.022" />
  <testcase name="missingFeedbackTimesOut" classname="com.cabin.hondacustom.FytClientTest" time="0.037" />
  <system-out />
  <system-err />
</testsuite><testsuite name="com.cabin.hondacustom.FytLocalizationTest" tests="3" skipped="0" failures="0" errors="0" timestamp="2026-09-15T20:04:21.231Z" hostname="fedora" time="1.119">
  <properties />
  <testcase name="portugueseMainScreenExplainsRealConnectionRequirement" classname="com.cabin.hondacustom.FytLocalizationTest" time="1.07" />
  <testcase name="portugueseFailureDoesNotCreateVehicleValuesOrFallback" classname="com.cabin.hondacustom.FytLocalizationTest" time="0.024" />
  <testcase name="everyControlAndOptionHasEnglishAndPortugueseResources" classname="com.cabin.hondacustom.FytLocalizationTest" time="0.024" />
  <system-out />
  <system-err />
</testsuite><testsuite name="com.cabin.hondacustom.FytTransportTest" tests="7" skipped="0" failures="0" errors="0" timestamp="2026-09-15T20:04:17.732Z" hostname="fedora" time="1.861">
  <properties />
  <testcase name="emptyUnknownOperationReplyIsRejected" classname="com.cabin.hondacustom.FytTransportTest" time="1.664" />
  <testcase name="joyingVoidOperationsAcceptEmptyReplies" classname="com.cabin.hondacustom.FytTransportTest" time="0.035" />
  <testcase name="emptyToolkitReplyIsRejected" classname="com.cabin.hondacustom.FytTransportTest" time="0.033" />
  <testcase name="nonemptyExceptionIsNotIgnored" classname="com.cabin.hondacustom.FytTransportTest" time="0.045" />
  <testcase name="wrongInterfaceIsRejected" classname="com.cabin.hondacustom.FytTransportTest" time="0.023" />
  <testcase name="emptyReadReplyIsRejected" classname="com.cabin.hondacustom.FytTransportTest" time="0.027" />
  <testcase name="unhandledCommandFailsWithoutRetry" classname="com.cabin.hondacustom.FytTransportTest" time="0.028" />
  <system-out />
  <system-err />
</testsuite><testsuite name="com.cabin.hondacustom.RzcProtocolTest" tests="4" skipped="0" failures="0" errors="0" timestamp="2026-09-15T20:04:22.352Z" hostname="fedora" time="0.075">
  <properties />
  <testcase name="rzcRowsCannotWriteOnOtherDecoders" classname="com.cabin.hondacustom.RzcProtocolTest" time="0.023" />
  <testcase name="allPersistentMappingsUseExactRzcWireValues" classname="com.cabin.hondacustom.RzcProtocolTest" time="0.02" />
  <testcase name="optionLabelsPreserveDifferentDoorAndTimerSemantics" classname="com.cabin.hondacustom.RzcProtocolTest" time="0.016" />
  <testcase name="sourceInventoryIsCoveredWithoutActionsOrDuplicateFields" classname="com.cabin.hondacustom.RzcProtocolTest" time="0.016" />
  <system-out />
  <system-err />
</testsuite></testsuites>