<?xml version='1.0' encoding='utf-8'?>
<testsuites tests="66" failures="0" errors="0" skipped="0"><testsuite name="com.cabin.hondacustom.AppUpdaterTest" tests="5" skipped="0" failures="0" errors="0" timestamp="2026-09-15T23:56:20.303Z" hostname="fedora" time="1.53">
  <properties />
  <testcase name="restrictsRedirectHostsAndRequiresHttps" classname="com.cabin.hondacustom.AppUpdaterTest" time="1.388" />
  <testcase name="rejectsWrongSignerPackageAndDowngrade" classname="com.cabin.hondacustom.AppUpdaterTest" time="0.021" />
  <testcase name="selectsOnlyNewStableRelease" classname="com.cabin.hondacustom.AppUpdaterTest" time="0.024" />
  <testcase name="rejectsMissingChecksumWrongRepositoryAndInvalidSize" classname="com.cabin.hondacustom.AppUpdaterTest" time="0.024" />
  <testcase name="providerRejectsTraversalAndWrites" classname="com.cabin.hondacustom.AppUpdaterTest" time="0.071" />
  <system-out />
  <system-err />
</testsuite><testsuite name="com.cabin.hondacustom.BnrProtocolTest" tests="3" skipped="0" failures="0" errors="0" timestamp="2026-09-15T23:56:21.837Z" hostname="fedora" time="0.084">
  <properties />
  <testcase name="exactPerProfileSubscriptionsRespectHiddenRows" classname="com.cabin.hondacustom.BnrProtocolTest" time="0.019" />
  <testcase name="bnrCommandsUseItsOwnKeysAndAttentionException" classname="com.cabin.hondacustom.BnrProtocolTest" time="0.048" />
  <testcase name="bnrMappingsNeverAuthorizeWcOrRzcWrites" classname="com.cabin.hondacustom.BnrProtocolTest" time="0.017" />
  <system-out />
  <system-err />
</testsuite><testsuite name="com.cabin.hondacustom.FytClientTest" tests="41" skipped="0" failures="0" errors="0" timestamp="2026-09-15T23:56:21.936Z" hostname="fedora" time="1.32">
  <properties />
  <testcase name="exactProfilesAndVisibility" classname="com.cabin.hondacustom.FytClientTest" time="0.023" />
  <testcase name="settingsSubscribeOnlyAfterVerifiedProfile" classname="com.cabin.hondacustom.FytClientTest" time="0.062" />
  <testcase name="wrongBinderDescriptorRejected" classname="com.cabin.hondacustom.FytClientTest" time="0.018" />
  <testcase name="bnrDoesNotExposeItsHiddenUnitsControl" classname="com.cabin.hondacustom.FytClientTest" time="0.027" />
  <testcase name="blockedToolkitTimesOutWithoutFallback" classname="com.cabin.hondacustom.FytClientTest" time="0.018" />
  <testcase name="oldSessionCannotRestoreValues" classname="com.cabin.hondacustom.FytClientTest" time="0.03" />
  <testcase name="commandUsesFytEncodingAndWaitsForFeedback" classname="com.cabin.hondacustom.FytClientTest" time="0.047" />
  <testcase name="synchronousNullBindingIsReleased" classname="com.cabin.hondacustom.FytClientTest" time="0.014" />
  <testcase name="emptyReplyCleanupUnregistersEveryField" classname="com.cabin.hondacustom.FytClientTest" time="0.036" />
  <testcase name="additionalControlsNeedRealFreshFeedback" classname="com.cabin.hondacustom.FytClientTest" time="0.041" />
  <testcase name="rzcMirrorRequiresRealMatchingFeedback" classname="com.cabin.hondacustom.FytClientTest" time="0.044" />
  <testcase name="expiredFeedbackDisablesControl" classname="com.cabin.hondacustom.FytClientTest" time="0.036" />
  <testcase name="binderDeathClearsValues" classname="com.cabin.hondacustom.FytClientTest" time="0.042" />
  <testcase name="bindsOnlyFytModuleSeven" classname="com.cabin.hondacustom.FytClientTest" time="0.037" />
  <testcase name="everyControlMatchesRecordedFytWireContract" classname="com.cabin.hondacustom.FytClientTest" time="0.026" />
  <testcase name="rzcCivicUsesItsOwnUnitsAndTachometerCommands" classname="com.cabin.hondacustom.FytClientTest" time="0.035" />
  <testcase name="decoderDialectsNeverShareCommandsOrLowByteDecoding" classname="com.cabin.hondacustom.FytClientTest" time="0.017" />
  <testcase name="additionalWcContractsAreExactAndIsolated" classname="com.cabin.hondacustom.FytClientTest" time="0.018" />
  <testcase name="earlyFeedbackIsConfirmedAfterSuccessfulTransaction" classname="com.cabin.hondacustom.FytClientTest" time="0.04" />
  <testcase name="latestFeedbackMustStillMatchWhenTransactionCompletes" classname="com.cabin.hondacustom.FytClientTest" time="0.044" />
  <testcase name="rzcAdditionalContractsAndDecoderIsolation" classname="com.cabin.hondacustom.FytClientTest" time="0.014" />
  <testcase name="exceptionHeaderModuleStillConnectsAndConfirms" classname="com.cabin.hondacustom.FytClientTest" time="0.045" />
  <testcase name="parkedRequired" classname="com.cabin.hondacustom.FytClientTest" time="0.032" />
  <testcase name="invalidFeedbackDisablesControl" classname="com.cabin.hondacustom.FytClientTest" time="0.042" />
  <testcase name="disconnectDuringWriteReportsUncertainOutcome" classname="com.cabin.hondacustom.FytClientTest" time="0.04" />
  <testcase name="duplicateProfileDoesNotEraseWriteOutcome" classname="com.cabin.hondacustom.FytClientTest" time="0.04" />
  <testcase name="oneBasedBoundsAndLowByte" classname="com.cabin.hondacustom.FytClientTest" time="0.015" />
  <testcase name="subscribesWithoutReplayingCachedVehicleSettings" classname="com.cabin.hondacustom.FytClientTest" time="0.022" />
  <testcase name="reportedXpProfileSubscribesAndRequiresRealConfirmation" classname="com.cabin.hondacustom.FytClientTest" time="0.04" />
  <testcase name="earlierExpiryDoesNotEraseNewerFeedback" classname="com.cabin.hondacustom.FytClientTest" time="0.035" />
  <testcase name="feedbackBeforeDispatchCannotConfirmLaterWrite" classname="com.cabin.hondacustom.FytClientTest" time="0.046" />
  <testcase name="lightingExclusionsAndDurationReadback" classname="com.cabin.hondacustom.FytClientTest" time="0.015" />
  <testcase name="unsupportedProfileNeverSubscribesSettings" classname="com.cabin.hondacustom.FytClientTest" time="0.024" />
  <testcase name="mismatchedFeedbackDoesNotConfirm" classname="com.cabin.hondacustom.FytClientTest" time="0.031" />
  <testcase name="changedProfileInvalidatesValues" classname="com.cabin.hondacustom.FytClientTest" time="0.038" />
  <testcase name="disconnectDuringDescriptorLookupPreventsDispatch" classname="com.cabin.hondacustom.FytClientTest" time="0.044" />
  <testcase name="unmappedProfileKeepsFytConnectionForReport" classname="com.cabin.hondacustom.FytClientTest" time="0.023" />
  <testcase name="hiddenOrInvalidWritesRejected" classname="com.cabin.hondacustom.FytClientTest" time="0.016" />
  <testcase name="earlyFeedbackCannotConfirmRejectedTransaction" classname="com.cabin.hondacustom.FytClientTest" time="0.047" />
  <testcase name="missingToolkitFailsWithoutFallback" classname="com.cabin.hondacustom.FytClientTest" time="0.018" />
  <testcase name="missingFeedbackTimesOut" classname="com.cabin.hondacustom.FytClientTest" time="0.035" />
  <system-out />
  <system-err />
</testsuite><testsuite name="com.cabin.hondacustom.FytLocalizationTest" tests="3" skipped="0" failures="0" errors="0" timestamp="2026-09-15T23:56:23.264Z" hostname="fedora" time="0.904">
  <properties />
  <testcase name="portugueseMainScreenExplainsRealConnectionRequirement" classname="com.cabin.hondacustom.FytLocalizationTest" time="0.859" />
  <testcase name="portugueseFailureDoesNotCreateVehicleValuesOrFallback" classname="com.cabin.hondacustom.FytLocalizationTest" time="0.023" />
  <testcase name="everyControlAndOptionHasEnglishAndPortugueseResources" classname="com.cabin.hondacustom.FytLocalizationTest" time="0.022" />
  <system-out />
  <system-err />
</testsuite><testsuite name="com.cabin.hondacustom.FytTransportTest" tests="7" skipped="0" failures="0" errors="0" timestamp="2026-09-15T23:56:24.172Z" hostname="fedora" time="0.103">
  <properties />
  <testcase name="emptyUnknownOperationReplyIsRejected" classname="com.cabin.hondacustom.FytTransportTest" time="0.015" />
  <testcase name="joyingVoidOperationsAcceptEmptyReplies" classname="com.cabin.hondacustom.FytTransportTest" time="0.011" />
  <testcase name="emptyToolkitReplyIsRejected" classname="com.cabin.hondacustom.FytTransportTest" time="0.018" />
  <testcase name="nonemptyExceptionIsNotIgnored" classname="com.cabin.hondacustom.FytTransportTest" time="0.017" />
  <testcase name="wrongInterfaceIsRejected" classname="com.cabin.hondacustom.FytTransportTest" time="0.011" />
  <testcase name="emptyReadReplyIsRejected" classname="com.cabin.hondacustom.FytTransportTest" time="0.014" />
  <testcase name="unhandledCommandFailsWithoutRetry" classname="com.cabin.hondacustom.FytTransportTest" time="0.016" />
  <system-out />
  <system-err />
</testsuite><testsuite name="com.cabin.hondacustom.RzcProtocolTest" tests="4" skipped="0" failures="0" errors="0" timestamp="2026-09-15T23:56:24.280Z" hostname="fedora" time="0.083">
  <properties />
  <testcase name="rzcRowsCannotWriteOnOtherDecoders" classname="com.cabin.hondacustom.RzcProtocolTest" time="0.019" />
  <testcase name="allPersistentMappingsUseExactRzcWireValues" classname="com.cabin.hondacustom.RzcProtocolTest" time="0.025" />
  <testcase name="optionLabelsPreserveDifferentDoorAndTimerSemantics" classname="com.cabin.hondacustom.RzcProtocolTest" time="0.02" />
  <testcase name="sourceInventoryIsCoveredWithoutActionsOrDuplicateFields" classname="com.cabin.hondacustom.RzcProtocolTest" time="0.018" />
  <system-out />
  <system-err />
</testsuite><testsuite name="com.cabin.hondacustom.XpProtocolTest" tests="3" skipped="0" failures="0" errors="0" timestamp="2026-09-15T23:56:24.370Z" hostname="fedora" time="0.05">
  <properties />
  <testcase name="profilesCannotUseEachOthersControls" classname="com.cabin.hondacustom.XpProtocolTest" time="0.026" />
  <testcase name="onlyExactXpProfileAndSourceVisibleRowsAreEnabled" classname="com.cabin.hondacustom.XpProtocolTest" time="0.012" />
  <testcase name="everyXpWireValueMatchesItsAuditedWriter" classname="com.cabin.hondacustom.XpProtocolTest" time="0.011" />
  <system-out />
  <system-err />
</testsuite></testsuites>