<?xml version='1.0' encoding='utf-8'?>
<testsuites tests="104" failures="0" errors="0" skipped="0"><testsuite name="com.cabin.hondacustom.AppUpdaterTest" tests="5" skipped="0" failures="0" errors="0" timestamp="2026-09-16T16:57:07.149Z" hostname="fedora" time="1.093">
  <properties />
  <testcase name="restrictsRedirectHostsAndRequiresHttps" classname="com.cabin.hondacustom.AppUpdaterTest" time="0.992" />
  <testcase name="rejectsWrongSignerPackageAndDowngrade" classname="com.cabin.hondacustom.AppUpdaterTest" time="0.017" />
  <testcase name="selectsOnlyNewStableRelease" classname="com.cabin.hondacustom.AppUpdaterTest" time="0.015" />
  <testcase name="rejectsMissingChecksumWrongRepositoryAndInvalidSize" classname="com.cabin.hondacustom.AppUpdaterTest" time="0.013" />
  <testcase name="providerRejectsTraversalAndWrites" classname="com.cabin.hondacustom.AppUpdaterTest" time="0.053" />
  <system-out />
  <system-err />
</testsuite><testsuite name="com.cabin.hondacustom.BnrProtocolTest" tests="3" skipped="0" failures="0" errors="0" timestamp="2026-09-16T16:57:08.245Z" hostname="fedora" time="0.063">
  <properties />
  <testcase name="exactPerProfileSubscriptionsRespectHiddenRows" classname="com.cabin.hondacustom.BnrProtocolTest" time="0.014" />
  <testcase name="bnrCommandsUseItsOwnKeysAndAttentionException" classname="com.cabin.hondacustom.BnrProtocolTest" time="0.035" />
  <testcase name="bnrMappingsNeverAuthorizeWcOrRzcWrites" classname="com.cabin.hondacustom.BnrProtocolTest" time="0.013" />
  <system-out />
  <system-err />
</testsuite><testsuite name="com.cabin.hondacustom.DirectXpSerialTest" tests="3" skipped="0" failures="0" errors="0" timestamp="2026-09-16T16:57:08.309Z" hostname="fedora" time="0.002">
  <properties />
  <testcase name="preservesBodyLengthByteAndWrapsChecksumToByte" classname="com.cabin.hondacustom.DirectXpSerialTest" time="0.0" />
  <testcase name="rejectsOtherProfilesAndUnspecifiedOrNonSerialPaths" classname="com.cabin.hondacustom.DirectXpSerialTest" time="0.0" />
  <testcase name="stockTachPacketMatchesDirectEncoderWithoutMcuRoutingByte" classname="com.cabin.hondacustom.DirectXpSerialTest" time="0.001" />
  <system-out />
  <system-err />
</testsuite><testsuite name="com.cabin.hondacustom.FytAuditTest" tests="4" skipped="0" failures="0" errors="0" timestamp="2026-09-16T16:57:08.313Z" hostname="fedora" time="0.199">
  <properties />
  <testcase name="capabilityFindingsUseExactProfileAndAreNeverHardwareConfirmation" classname="com.cabin.hondacustom.FytAuditTest" time="0.071" />
  <testcase name="readingReasonsFollowRealFeedbackAndNeverRetainExpiredValues" classname="com.cabin.hondacustom.FytAuditTest" time="0.052" />
  <testcase name="decoderTimeoutCanRecoverAndInvalidReplyClearsEarlierIdentification" classname="com.cabin.hondacustom.FytAuditTest" time="0.039" />
  <testcase name="disconnectMarksIdentificationHistoricalAndReconnectClearsIt" classname="com.cabin.hondacustom.FytAuditTest" time="0.037" />
  <system-out />
  <system-err />
</testsuite><testsuite name="com.cabin.hondacustom.FytAuditUiTest" tests="2" skipped="0" failures="0" errors="0" timestamp="2026-09-16T16:57:08.518Z" hostname="fedora" time="0.893">
  <properties />
  <testcase name="liveAuditAndCopyUseLatestFeedbackAndOfferExplicitDataRequest" classname="com.cabin.hondacustom.FytAuditUiTest" time="0.815" />
  <testcase name="auditOpensOnScreenWhileDisconnectedAndBackReturnsToControls" classname="com.cabin.hondacustom.FytAuditUiTest" time="0.078" />
  <system-out />
  <system-err />
</testsuite><testsuite name="com.cabin.hondacustom.FytClientTest" tests="48" skipped="0" failures="0" errors="0" timestamp="2026-09-16T16:57:09.422Z" hostname="fedora" time="1.347">
  <properties />
  <testcase name="exactProfilesAndVisibility" classname="com.cabin.hondacustom.FytClientTest" time="0.016" />
  <testcase name="settingsSubscribeOnlyAfterVerifiedProfile" classname="com.cabin.hondacustom.FytClientTest" time="0.03" />
  <testcase name="wrongBinderDescriptorRejected" classname="com.cabin.hondacustom.FytClientTest" time="0.013" />
  <testcase name="bnrDoesNotExposeItsHiddenUnitsControl" classname="com.cabin.hondacustom.FytClientTest" time="0.024" />
  <testcase name="blockedToolkitTimesOutWithoutFallback" classname="com.cabin.hondacustom.FytClientTest" time="0.015" />
  <testcase name="oldSessionCannotRestoreValues" classname="com.cabin.hondacustom.FytClientTest" time="0.027" />
  <testcase name="commandUsesFytEncodingAndWaitsForFeedback" classname="com.cabin.hondacustom.FytClientTest" time="0.038" />
  <testcase name="synchronousNullBindingIsReleased" classname="com.cabin.hondacustom.FytClientTest" time="0.012" />
  <testcase name="emptyReplyCleanupUnregistersEveryField" classname="com.cabin.hondacustom.FytClientTest" time="0.027" />
  <testcase name="additionalControlsNeedRealFreshFeedback" classname="com.cabin.hondacustom.FytClientTest" time="0.043" />
  <testcase name="manualPacketCannotRaceWithSettingsWrite" classname="com.cabin.hondacustom.FytClientTest" time="0.038" />
  <testcase name="rzcMirrorRequiresRealMatchingFeedback" classname="com.cabin.hondacustom.FytClientTest" time="0.044" />
  <testcase name="expiredFeedbackDisablesControl" classname="com.cabin.hondacustom.FytClientTest" time="0.027" />
  <testcase name="binderDeathClearsValues" classname="com.cabin.hondacustom.FytClientTest" time="0.028" />
  <testcase name="manualPacketTimeoutDoesNotRetryOrReportConfirmation" classname="com.cabin.hondacustom.FytClientTest" time="0.044" />
  <testcase name="bindsOnlyFytModuleSeven" classname="com.cabin.hondacustom.FytClientTest" time="0.027" />
  <testcase name="everyControlMatchesRecordedFytWireContract" classname="com.cabin.hondacustom.FytClientTest" time="0.011" />
  <testcase name="manualPacketDisconnectDuringDescriptorLookupCancelsDispatch" classname="com.cabin.hondacustom.FytClientTest" time="0.042" />
  <testcase name="rzcCivicUsesItsOwnUnitsAndTachometerCommands" classname="com.cabin.hondacustom.FytClientTest" time="0.031" />
  <testcase name="decoderDialectsNeverShareCommandsOrLowByteDecoding" classname="com.cabin.hondacustom.FytClientTest" time="0.011" />
  <testcase name="additionalWcContractsAreExactAndIsolated" classname="com.cabin.hondacustom.FytClientTest" time="0.011" />
  <testcase name="earlyFeedbackIsConfirmedAfterSuccessfulTransaction" classname="com.cabin.hondacustom.FytClientTest" time="0.043" />
  <testcase name="latestFeedbackMustStillMatchWhenTransactionCompletes" classname="com.cabin.hondacustom.FytClientTest" time="0.037" />
  <testcase name="rzcAdditionalContractsAndDecoderIsolation" classname="com.cabin.hondacustom.FytClientTest" time="0.01" />
  <testcase name="exceptionHeaderModuleStillConnectsAndConfirms" classname="com.cabin.hondacustom.FytClientTest" time="0.041" />
  <testcase name="parkedRequired" classname="com.cabin.hondacustom.FytClientTest" time="0.028" />
  <testcase name="invalidFeedbackDisablesControl" classname="com.cabin.hondacustom.FytClientTest" time="0.031" />
  <testcase name="manualPacketUnavailableOnOtherDecoder" classname="com.cabin.hondacustom.FytClientTest" time="0.025" />
  <testcase name="disconnectDuringWriteReportsUncertainOutcome" classname="com.cabin.hondacustom.FytClientTest" time="0.026" />
  <testcase name="duplicateProfileDoesNotEraseWriteOutcome" classname="com.cabin.hondacustom.FytClientTest" time="0.031" />
  <testcase name="manualPacketDispatchNeverConfirmsVehicleAndDiscardsValues" classname="com.cabin.hondacustom.FytClientTest" time="0.058" />
  <testcase name="oneBasedBoundsAndLowByte" classname="com.cabin.hondacustom.FytClientTest" time="0.009" />
  <testcase name="subscribesWithoutReplayingCachedVehicleSettings" classname="com.cabin.hondacustom.FytClientTest" time="0.019" />
  <testcase name="reportedXpProfileSubscribesAndRequiresRealConfirmation" classname="com.cabin.hondacustom.FytClientTest" time="0.033" />
  <testcase name="earlierExpiryDoesNotEraseNewerFeedback" classname="com.cabin.hondacustom.FytClientTest" time="0.031" />
  <testcase name="feedbackBeforeDispatchCannotConfirmLaterWrite" classname="com.cabin.hondacustom.FytClientTest" time="0.042" />
  <testcase name="lightingExclusionsAndDurationReadback" classname="com.cabin.hondacustom.FytClientTest" time="0.01" />
  <testcase name="unsupportedProfileNeverSubscribesSettings" classname="com.cabin.hondacustom.FytClientTest" time="0.016" />
  <testcase name="mismatchedFeedbackDoesNotConfirm" classname="com.cabin.hondacustom.FytClientTest" time="0.026" />
  <testcase name="changedProfileInvalidatesValues" classname="com.cabin.hondacustom.FytClientTest" time="0.031" />
  <testcase name="disconnectDuringDescriptorLookupPreventsDispatch" classname="com.cabin.hondacustom.FytClientTest" time="0.036" />
  <testcase name="manualPacketRejectedDispatchDisconnectsWithoutRetry" classname="com.cabin.hondacustom.FytClientTest" time="0.041" />
  <testcase name="unmappedProfileKeepsFytConnectionForReport" classname="com.cabin.hondacustom.FytClientTest" time="0.017" />
  <testcase name="manualPacketRequiresParkedAcknowledgementAndCurrentSession" classname="com.cabin.hondacustom.FytClientTest" time="0.058" />
  <testcase name="hiddenOrInvalidWritesRejected" classname="com.cabin.hondacustom.FytClientTest" time="0.01" />
  <testcase name="earlyFeedbackCannotConfirmRejectedTransaction" classname="com.cabin.hondacustom.FytClientTest" time="0.039" />
  <testcase name="missingToolkitFailsWithoutFallback" classname="com.cabin.hondacustom.FytClientTest" time="0.01" />
  <testcase name="missingFeedbackTimesOut" classname="com.cabin.hondacustom.FytClientTest" time="0.027" />
  <system-out />
  <system-err />
</testsuite><testsuite name="com.cabin.hondacustom.FytDecoderInfoTest" tests="5" skipped="0" failures="0" errors="0" timestamp="2026-09-16T16:57:10.771Z" hostname="fedora" time="0.093">
  <properties />
  <testcase name="malformedTextAndWrongArrayShapeRejected" classname="com.cabin.hondacustom.FytDecoderInfoTest" time="0.011" />
  <testcase name="textIsDiagnosticOnlyAndSubscriptionSendsNoCommand" classname="com.cabin.hondacustom.FytDecoderInfoTest" time="0.032" />
  <testcase name="truncatedPayloadRejected" classname="com.cabin.hondacustom.FytDecoderInfoTest" time="0.01" />
  <testcase name="oldConnectionCannotSupplyNewConnectionVersion" classname="com.cabin.hondacustom.FytDecoderInfoTest" time="0.031" />
  <testcase name="nullAndEmptyVersionStayUnavailable" classname="com.cabin.hondacustom.FytDecoderInfoTest" time="0.009" />
  <system-out />
  <system-err />
</testsuite><testsuite name="com.cabin.hondacustom.FytLocalizationTest" tests="3" skipped="0" failures="0" errors="0" timestamp="2026-09-16T16:57:10.866Z" hostname="fedora" time="0.062">
  <properties />
  <testcase name="portugueseMainScreenExplainsRealConnectionRequirement" classname="com.cabin.hondacustom.FytLocalizationTest" time="0.039" />
  <testcase name="portugueseFailureDoesNotCreateVehicleValuesOrFallback" classname="com.cabin.hondacustom.FytLocalizationTest" time="0.01" />
  <testcase name="everyControlAndOptionHasEnglishAndPortugueseResources" classname="com.cabin.hondacustom.FytLocalizationTest" time="0.013" />
  <system-out />
  <system-err />
</testsuite><testsuite name="com.cabin.hondacustom.FytTransportTest" tests="7" skipped="0" failures="0" errors="0" timestamp="2026-09-16T16:57:10.930Z" hostname="fedora" time="0.08">
  <properties />
  <testcase name="emptyUnknownOperationReplyIsRejected" classname="com.cabin.hondacustom.FytTransportTest" time="0.012" />
  <testcase name="joyingVoidOperationsAcceptEmptyReplies" classname="com.cabin.hondacustom.FytTransportTest" time="0.016" />
  <testcase name="emptyToolkitReplyIsRejected" classname="com.cabin.hondacustom.FytTransportTest" time="0.013" />
  <testcase name="nonemptyExceptionIsNotIgnored" classname="com.cabin.hondacustom.FytTransportTest" time="0.01" />
  <testcase name="wrongInterfaceIsRejected" classname="com.cabin.hondacustom.FytTransportTest" time="0.009" />
  <testcase name="emptyReadReplyIsRejected" classname="com.cabin.hondacustom.FytTransportTest" time="0.009" />
  <testcase name="unhandledCommandFailsWithoutRetry" classname="com.cabin.hondacustom.FytTransportTest" time="0.01" />
  <system-out />
  <system-err />
</testsuite><testsuite name="com.cabin.hondacustom.RzcProtocolTest" tests="4" skipped="0" failures="0" errors="0" timestamp="2026-09-16T16:57:11.012Z" hostname="fedora" time="0.041">
  <properties />
  <testcase name="rzcRowsCannotWriteOnOtherDecoders" classname="com.cabin.hondacustom.RzcProtocolTest" time="0.011" />
  <testcase name="allPersistentMappingsUseExactRzcWireValues" classname="com.cabin.hondacustom.RzcProtocolTest" time="0.011" />
  <testcase name="optionLabelsPreserveDifferentDoorAndTimerSemantics" classname="com.cabin.hondacustom.RzcProtocolTest" time="0.009" />
  <testcase name="sourceInventoryIsCoveredWithoutActionsOrDuplicateFields" classname="com.cabin.hondacustom.RzcProtocolTest" time="0.009" />
  <system-out />
  <system-err />
</testsuite><testsuite name="com.cabin.hondacustom.XpDataRequestTest" tests="6" skipped="0" failures="0" errors="0" timestamp="2026-09-16T16:57:11.055Z" hostname="fedora" time="0.225">
  <properties />
  <testcase name="explicitRequestClearsEarlierValuesAndCountsOnlyValidEventsAfterDispatch" classname="com.cabin.hondacustom.XpDataRequestTest" time="0.042" />
  <testcase name="timedOutRequestCannotDispatchLaterOrRetryAutomatically" classname="com.cabin.hondacustom.XpDataRequestTest" time="0.041" />
  <testcase name="protocolUsesStockRequestAndRejectsOtherProfilesAndCancellation" classname="com.cabin.hondacustom.XpDataRequestTest" time="0.011" />
  <testcase name="disconnectDuringDescriptorLookupPreventsReadDispatch" classname="com.cabin.hondacustom.XpDataRequestTest" time="0.041" />
  <testcase name="connectionRequestsOnceAfterSubscriptionsAndSilenceNeverCreatesValues" classname="com.cabin.hondacustom.XpDataRequestTest" time="0.048" />
  <testcase name="failedDataRequestNeverConfirmsOrFallsBack" classname="com.cabin.hondacustom.XpDataRequestTest" time="0.041" />
  <system-out />
  <system-err />
</testsuite><testsuite name="com.cabin.hondacustom.XpPacketTest" tests="5" skipped="0" failures="0" errors="0" timestamp="2026-09-16T16:57:11.281Z" hostname="fedora" time="0.044">
  <properties />
  <testcase name="otherProfilesAndInvalidBodiesNeverDispatch" classname="com.cabin.hondacustom.XpPacketTest" time="0.011" />
  <testcase name="rejectsEmptyMalformedAndOversizedInput" classname="com.cabin.hondacustom.XpPacketTest" time="0.008" />
  <testcase name="cancellationImmediatelyBeforeDispatchDoesNotSend" classname="com.cabin.hondacustom.XpPacketTest" time="0.009" />
  <testcase name="dispatchesExactBodyOnceWithoutAddingTheServicePrefix" classname="com.cabin.hondacustom.XpPacketTest" time="0.008" />
  <testcase name="parsesOnlyExplicitBytesAndPreservesTheirOrder" classname="com.cabin.hondacustom.XpPacketTest" time="0.008" />
  <system-out />
  <system-err />
</testsuite><testsuite name="com.cabin.hondacustom.XpPacketUiTest" tests="6" skipped="0" failures="0" errors="0" timestamp="2026-09-16T16:57:11.327Z" hostname="fedora" time="0.785">
  <properties />
  <testcase name="restoreButtonSendsVerifiedPacket" classname="com.cabin.hondacustom.XpPacketUiTest" time="0.176" />
  <testcase name="emptyEditorRequiresReviewAndExplicitSend" classname="com.cabin.hondacustom.XpPacketUiTest" time="0.157" />
  <testcase name="maintenanceButtonSendsVerifiedPacket" classname="com.cabin.hondacustom.XpPacketUiTest" time="0.125" />
  <testcase name="withdrawingParkedAcknowledgementCancelsConfirmation" classname="com.cabin.hondacustom.XpPacketUiTest" time="0.155" />
  <testcase name="cancellingRestoreDoesNotSend" classname="com.cabin.hondacustom.XpPacketUiTest" time="0.083" />
  <testcase name="tpmsButtonSendsVerifiedPacket" classname="com.cabin.hondacustom.XpPacketUiTest" time="0.089" />
  <system-out />
  <system-err />
</testsuite><testsuite name="com.cabin.hondacustom.XpProtocolTest" tests="3" skipped="0" failures="0" errors="0" timestamp="2026-09-16T16:57:12.114Z" hostname="fedora" time="0.029">
  <properties />
  <testcase name="profilesCannotUseEachOthersControls" classname="com.cabin.hondacustom.XpProtocolTest" time="0.013" />
  <testcase name="onlyExactXpProfileAndSourceVisibleRowsAreEnabled" classname="com.cabin.hondacustom.XpProtocolTest" time="0.008" />
  <testcase name="everyXpWireValueMatchesItsAuditedWriter" classname="com.cabin.hondacustom.XpProtocolTest" time="0.008" />
  <system-out />
  <system-err />
</testsuite></testsuites>